\BOOKMARK [1][-]{section.1}{\376\377\000B\000a\000s\000i\000c\000\040\000g\000r\000a\000m\000m\000a\000r}{}% 1
\BOOKMARK [2][-]{subsection.1.1}{\376\377\000t\000y\000p\000e}{section.1}% 2
\BOOKMARK [2][-]{subsection.1.2}{\376\377\000c\000o\000n\000d\000i\000t\000i\000o\000n\000\040\000s\000t\000a\000t\000e\000m\000e\000n\000t\000s}{section.1}% 3
\BOOKMARK [2][-]{subsection.1.3}{\376\377\000i\000t\000e\000r\000a\000t\000i\000o\000n}{section.1}% 4
\BOOKMARK [2][-]{subsection.1.4}{\376\377\000f\000u\000n\000c\000t\000i\000o\000n}{section.1}% 5
\BOOKMARK [3][-]{subsubsection.1.4.1}{\376\377\133\232\116\111\121\375\145\160}{subsection.1.4}% 6
\BOOKMARK [3][-]{subsubsection.1.4.2}{\376\377\214\003\165\050\121\375\145\160}{subsection.1.4}% 7
\BOOKMARK [3][-]{subsubsection.1.4.3}{\376\377\123\357\123\330\123\302\145\160}{subsection.1.4}% 8
\BOOKMARK [3][-]{subsubsection.1.4.4}{\376\377\227\131\140\001\174\173\127\213\121\375\145\160}{subsection.1.4}% 9
\BOOKMARK [3][-]{subsubsection.1.4.5}{\376\377\123\330\221\317\166\204\117\134\165\050\127\337}{subsection.1.4}% 10
\BOOKMARK [3][-]{subsubsection.1.4.6}{\376\377\000H\000i\000g\000h\000-\000o\000r\000d\000e\000r\000\040\000f\000u\000n\000c\000t\000i\000o\000n}{subsection.1.4}% 11
\BOOKMARK [3][-]{subsubsection.1.4.7}{\376\377\000s\000e\000l\000f\000-\000r\000e\000f\000e\000r\000e\000n\000c\000e}{subsection.1.4}% 12
\BOOKMARK [3][-]{subsubsection.1.4.8}{\376\377\000d\000e\000c\000o\000r\000a\000t\000o\000r}{subsection.1.4}% 13
\BOOKMARK [3][-]{subsubsection.1.4.9}{\376\377\000f\000u\000n\000c\000t\000i\000o\000n\000\040\000c\000u\000r\000r\000y\000i\000n\000g}{subsection.1.4}% 14
\BOOKMARK [3][-]{subsubsection.1.4.10}{\376\377\123\077\124\015\121\375\145\160}{subsection.1.4}% 15
\BOOKMARK [2][-]{subsection.1.5}{\376\377\000i\000n\000p\000u\000t\000\040\000a\000n\000d\000\040\000o\000u\000t\000p\000u\000t}{section.1}% 16
\BOOKMARK [3][-]{subsubsection.1.5.1}{\376\377\142\123\137\000\121\163\225\355\145\207\116\366}{subsection.1.5}% 17
\BOOKMARK [3][-]{subsubsection.1.5.2}{\376\377\213\373\123\326\121\231\121\145\145\207\116\366}{subsection.1.5}% 18
\BOOKMARK [3][-]{subsubsection.1.5.3}{\376\377\116\012\116\013\145\207\173\241\164\006\126\150}{subsection.1.5}% 19
\BOOKMARK [3][-]{subsubsection.1.5.4}{\376\377\131\004\164\006\000.\000c\000s\000v\145\207\116\366}{subsection.1.5}% 20
\BOOKMARK [3][-]{subsubsection.1.5.5}{\376\377\131\004\164\006\000.\000j\000s\000o\000n\145\207\116\366}{subsection.1.5}% 21
\BOOKMARK [1][-]{section.2}{\376\377\000C\000o\000n\000t\000a\000i\000n\000e\000r}{}% 22
\BOOKMARK [2][-]{subsection.2.1}{\376\377\000i\000t\000e\000r\000a\000t\000o\000r}{section.2}% 23
\BOOKMARK [2][-]{subsection.2.2}{\376\377\000l\000i\000s\000t}{section.2}% 24
\BOOKMARK [2][-]{subsection.2.3}{\376\377\000t\000u\000p\000l\000e}{section.2}% 25
\BOOKMARK [2][-]{subsection.2.4}{\376\377\000s\000e\000t}{section.2}% 26
\BOOKMARK [2][-]{subsection.2.5}{\376\377\000d\000i\000c\000t}{section.2}% 27
\BOOKMARK [2][-]{subsection.2.6}{\376\377\000S\000t\000r\000i\000n\000g}{section.2}% 28
\BOOKMARK [3][-]{subsubsection.2.6.1}{\376\377\177\026\170\001\211\343\170\001}{subsection.2.6}% 29
\BOOKMARK [3][-]{subsubsection.2.6.2}{\376\377\136\070\165\050\144\315\117\134}{subsection.2.6}% 30
\BOOKMARK [3][-]{subsubsection.2.6.3}{\376\377\150\074\137\017\123\026\133\127\173\046\116\062}{subsection.2.6}% 31
\BOOKMARK [1][-]{section.3}{\376\377\000r\000e\000g\000u\000l\000a\000r\000\040\000e\000x\000p\000r\000e\000s\000s\000i\000o\000n}{}% 32
\BOOKMARK [2][-]{subsection.3.1}{\376\377\000g\000r\000a\000m\000m\000a\000r}{section.3}% 33
\BOOKMARK [3][-]{subsubsection.3.1.1}{\376\377\121\103\133\127\173\046}{subsection.3.1}% 34
\BOOKMARK [3][-]{subsubsection.3.1.2}{\376\377\226\120\133\232\173\046}{subsection.3.1}% 35
\BOOKMARK [3][-]{subsubsection.3.1.3}{\376\377\000b\000r\000a\000c\000k\000e\000t\000s}{subsection.3.1}% 36
\BOOKMARK [3][-]{subsubsection.3.1.4}{\376\377\000n\000o\000t\000i\000c\000e}{subsection.3.1}% 37
\BOOKMARK [2][-]{subsection.3.2}{\376\377\000r\000e\000\040\000m\000o\000d\000u\000l\000e}{section.3}% 38
\BOOKMARK [3][-]{subsubsection.3.2.1}{\376\377\123\071\221\115\152\041\137\017}{subsection.3.2}% 39
\BOOKMARK [3][-]{subsubsection.3.2.2}{\376\377\123\071\221\115\121\375\145\160}{subsection.3.2}% 40
\BOOKMARK [3][-]{subsubsection.3.2.3}{\376\377\146\377\143\142\133\127\173\046\116\062}{subsection.3.2}% 41
\BOOKMARK [3][-]{subsubsection.3.2.4}{\376\377\122\007\122\006\133\127\173\046\116\062}{subsection.3.2}% 42
\BOOKMARK [1][-]{section.4}{\376\377\000C\000l\000a\000s\000s}{}% 43
\BOOKMARK [2][-]{subsection.4.1}{\376\377\133\232\116\111\174\173\152\041\147\177}{section.4}% 44
\BOOKMARK [3][-]{subsubsection.4.1.1}{\376\377\127\372\147\054\176\323\147\204}{subsection.4.1}% 45
\BOOKMARK [3][-]{subsubsection.4.1.2}{\376\377\213\277\225\356\226\120\122\066}{subsection.4.1}% 46
\BOOKMARK [3][-]{subsubsection.4.1.3}{\376\377\134\136\140\047}{subsection.4.1}% 47
\BOOKMARK [3][-]{subsubsection.4.1.4}{\376\377\174\173\166\204\162\171\153\212\142\020\124\130\000\050\233\124\147\057\145\271\154\325\000\051}{subsection.4.1}% 48
\BOOKMARK [2][-]{subsection.4.2}{\376\377\174\173\166\204\117\177\165\050}{section.4}% 49
\BOOKMARK [3][-]{subsubsection.4.2.1}{\376\377\122\033\136\372\174\173\166\204\133\236\117\213}{subsection.4.2}% 50
\BOOKMARK [3][-]{subsubsection.4.2.2}{\376\377\174\173\142\020\124\130\166\204\117\177\165\050}{subsection.4.2}% 51
\BOOKMARK [2][-]{subsection.4.3}{\376\377\176\347\142\177}{section.4}% 52
\BOOKMARK [2][-]{subsection.4.4}{\376\377\147\011\121\163\174\173\166\204\121\205\177\156\121\375\145\160}{section.4}% 53
\BOOKMARK [2][-]{subsection.4.5}{\376\377\174\173\166\204\121\170\127\213\117\213\133\120}{section.4}% 54
\BOOKMARK [3][-]{subsubsection.4.5.1}{\376\377\145\207\116\366\173\241\164\006\174\173}{subsection.4.5}% 55
\BOOKMARK [1][-]{section.5}{\376\377\000b\000a\000s\000i\000c\000\040\000m\000o\000d\000u\000l\000e}{}% 56
\BOOKMARK [2][-]{subsection.5.1}{\376\377\000i\000n\000s\000t\000a\000l\000l\000\040\000a\000n\000d\000\040\000i\000m\000p\000o\000r\000t\000\040\000m\000o\000d\000u\000l\000e}{section.5}% 57
\BOOKMARK [3][-]{subsubsection.5.1.1}{\376\377\000i\000n\000s\000t\000a\000l\000l\000\040\000a\000n\000d\000\040\000m\000a\000n\000a\000g\000e\000\040\000m\000o\000d\000u\000l\000e\000s}{subsection.5.1}% 58
\BOOKMARK [3][-]{subsubsection.5.1.2}{\376\377\000v\000i\000r\000t\000u\000a\000l\000e\000n\000v}{subsection.5.1}% 59
\BOOKMARK [3][-]{subsubsection.5.1.3}{\376\377\000a\000n\000a\000c\000o\000n\000d\000a}{subsection.5.1}% 60
\BOOKMARK [3][-]{subsubsection.5.1.4}{\376\377\000i\000m\000p\000o\000r\000t\000\040\000m\000o\000d\000u\000l\000e\000s}{subsection.5.1}% 61
\BOOKMARK [3][-]{subsubsection.5.1.5}{\376\377\000v\000i\000e\000w\000\040\000t\000h\000e\000\040\000f\000u\000n\000c\000t\000i\000o\000n\000s\000\040\000i\000n\000\040\000m\000o\000d\000u\000l\000e\000s}{subsection.5.1}% 62
\BOOKMARK [2][-]{subsection.5.2}{\376\377\000b\000u\000i\000l\000t\000i\000n\000s}{section.5}% 63
\BOOKMARK [2][-]{subsection.5.3}{\376\377\000s\000y\000s}{section.5}% 64
\BOOKMARK [2][-]{subsection.5.4}{\376\377\000o\000s}{section.5}% 65
\BOOKMARK [2][-]{subsection.5.5}{\376\377\000l\000o\000g\000g\000i\000n\000g}{section.5}% 66
\BOOKMARK [2][-]{subsection.5.6}{\376\377\000d\000a\000t\000e}{section.5}% 67
\BOOKMARK [3][-]{subsubsection.5.6.1}{\376\377\000d\000a\000t\000e\000t\000i\000m\000e\000\040\000m\000o\000d\000u\000l\000e}{subsection.5.6}% 68
\BOOKMARK [3][-]{subsubsection.5.6.2}{\376\377\000p\000y\000t\000z\000\040\000m\000o\000d\000u\000l\000e}{subsection.5.6}% 69
\BOOKMARK [3][-]{subsubsection.5.6.3}{\376\377\000c\000a\000l\000e\000n\000d\000a\000r}{subsection.5.6}% 70
\BOOKMARK [2][-]{subsection.5.7}{\376\377\000c\000a\000l\000e\000n\000d\000a\000r}{section.5}% 71
\BOOKMARK [2][-]{subsection.5.8}{\376\377\000t\000i\000m\000e}{section.5}% 72
\BOOKMARK [2][-]{subsection.5.9}{\376\377\000c\000o\000l\000l\000e\000c\000t\000i\000o\000n}{section.5}% 73
\BOOKMARK [2][-]{subsection.5.10}{\376\377\000r\000a\000n\000d\000o\000m}{section.5}% 74
\BOOKMARK [2][-]{subsection.5.11}{\376\377\000c\000n\0002\000a\000n}{section.5}% 75
\BOOKMARK [1][-]{section.6}{\376\377\000M\000a\000t\000h\000s\000\040\000a\000n\000d\000\040\000S\000t\000a\000t\000i\000s\000t\000i\000c\000s}{}% 76
\BOOKMARK [2][-]{subsection.6.1}{\376\377\000m\000a\000t\000h}{section.6}% 77
\BOOKMARK [2][-]{subsection.6.2}{\376\377\000n\000u\000m\000p\000y}{section.6}% 78
\BOOKMARK [3][-]{subsubsection.6.2.1}{\376\377\133\232\116\111\167\351\226\065}{subsection.6.2}% 79
\BOOKMARK [3][-]{subsubsection.6.2.2}{\376\377\162\171\153\212\121\375\145\160}{subsection.6.2}% 80
\BOOKMARK [3][-]{subsubsection.6.2.3}{\376\377\167\351\226\065\217\320\173\227}{subsection.6.2}% 81
\BOOKMARK [2][-]{subsection.6.3}{\376\377\000P\000a\000n\000d\000a\000s}{section.6}% 82
\BOOKMARK [3][-]{subsubsection.6.3.1}{\376\377\000S\000e\000r\000i\000e\000s\174\173\127\213}{subsection.6.3}% 83
\BOOKMARK [3][-]{subsubsection.6.3.2}{\376\377\000D\000a\000t\000a\000F\000r\000a\000m\000e\174\173\127\213}{subsection.6.3}% 84
\BOOKMARK [3][-]{subsubsection.6.3.3}{\376\377\213\373\121\231\145\160\143\156}{subsection.6.3}% 85
\BOOKMARK [3][-]{subsubsection.6.3.4}{\376\377\127\372\147\054\144\315\117\134}{subsection.6.3}% 86
\BOOKMARK [3][-]{subsubsection.6.3.5}{\376\377\176\337\213\241\144\315\117\134}{subsection.6.3}% 87
\BOOKMARK [1][-]{section.7}{\376\377\000t\000o\000o\000l\000s}{}% 88
\BOOKMARK [2][-]{subsection.7.1}{\376\377\000d\000o\000c\000t\000e\000s\000t}{section.7}% 89
\BOOKMARK [2][-]{subsection.7.2}{\376\377\000T\000r\000y\000\040\000\046\000\040\000A\000s\000s\000e\000r\000t}{section.7}% 90
\BOOKMARK [2][-]{subsection.7.3}{\376\377\000j\000u\000p\000y\000t\000e\000r\000\040\000n\000o\000t\000e\000b\000o\000o\000k}{section.7}% 91
\BOOKMARK [1][-]{section.8}{\376\377\000v\000i\000s\000u\000a\000l\000i\000z\000a\000t\000i\000o\000n\000s}{}% 92
\BOOKMARK [2][-]{subsection.8.1}{\376\377\000m\000a\000t\000p\000l\000o\000t\000l\000i\000b}{section.8}% 93
\BOOKMARK [3][-]{subsubsection.8.1.1}{\376\377\165\073\136\003\230\204\131\004\164\006}{subsection.8.1}% 94
\BOOKMARK [3][-]{subsubsection.8.1.2}{\376\377\127\372\147\054\126\376\210\150}{subsection.8.1}% 95
\BOOKMARK [3][-]{subsubsection.8.1.3}{\376\377\147\201\127\120\150\007\126\376\210\150}{subsection.8.1}% 96
\BOOKMARK [3][-]{subsubsection.8.1.4}{\376\377\116\011\176\364\126\376\210\150}{subsection.8.1}% 97
\BOOKMARK [2][-]{subsection.8.2}{\376\377\000w\000o\000r\000d\000c\000l\000o\000u\000d}{section.8}% 98
\BOOKMARK [1][-]{section.9}{\376\377\000w\000e\000b\000\040\000s\000p\000i\000d\000e\000r}{}% 99
\BOOKMARK [2][-]{subsection.9.1}{\376\377\213\367\154\102\217\336\143\245}{section.9}% 100
\BOOKMARK [3][-]{subsubsection.9.1.1}{\376\377\000u\000r\000l\000l\000i\000b\000\040\000m\000o\000d\000u\000l\000e}{subsection.9.1}% 101
\BOOKMARK [3][-]{subsubsection.9.1.2}{\376\377\000u\000r\000l\000l\000i\000b\0003\000\040\000m\000o\000d\000u\000l\000e}{subsection.9.1}% 102
\BOOKMARK [3][-]{subsubsection.9.1.3}{\376\377\000r\000e\000q\000u\000e\000s\000t\000s\000\040\000m\000o\000d\000u\000l\000e}{subsection.9.1}% 103
\BOOKMARK [2][-]{subsection.9.2}{\376\377\131\004\164\006\000h\000t\000m\000l\145\207\116\366}{section.9}% 104
